dh_autotools-dev_updateconfig
dh_prep
dh_installdirs
dh_prep
dh_installdirs
dh_prep
dh_installdirs
dh_prep
dh_installdirs
dh_prep
dh_installdirs
dh_prep
dh_installdirs
dh_prep
dh_installdirs
dh_prep
dh_installdirs
dh_prep
dh_installdirs
dh_installdocs
dh_installdirs
dh_prep
dh_installdirs
dh_installdocs
dh_installdirs
dh_prep
dh_installdirs
dh_installdocs
dh_installdirs
dh_prep
dh_installdirs
dh_installdocs
dh_installdirs
dh_prep
dh_installdirs
dh_installdocs
dh_installdirs
dh_installexamples
dh_icons
dh_installchangelogs
dh_strip
dh_link
dh_compress
dh_fixperms
dh_shlibdeps
dh_installdeb
dh_gencontrol
dh_md5sums
dh_builddeb
